# JRE version: Java(TM) SE Runtime Environment (17.0.4.1+1) (build 17.0.4.1+1-LTS-2)
# Java VM: Java HotSpot(TM) 64-Bit Server VM (17.0.4.1+1-LTS-2, mixed mode, sharing, tiered, compressed oops, compressed class ptrs, g1 gc, windows-amd64)
GC Precious Log:
 CPUs: 12 total, 12 available
 Memory: 6005M
 Large Page Support: Disabled
 NUMA Support: Disabled
 Compressed Oops: Enabled (32-bit)
 Heap Region Size: 1M
 Heap Min Capacity: 8M
 Heap Initial Capacity: 94M
 Heap Max Capacity: 2G
 Pre-touch: Disabled
 Parallel Workers: 10
 Concurrent Workers: 3
 Concurrent Refinement Workers: 10
 Periodic GC: Disabled
Heap:
 garbage-first heap   total 324608K, used 240998K [0x0000000080000000, 0x0000000100000000)
  region size 1024K, 3 young (3072K), 3 survivors (3072K)
 Metaspace       used 221185K, committed 223040K, reserved 618496K
  class space    used 29480K, committed 30400K, reserved 421888K
GC Heap History (20 events):
Event: 10890.646 GC heap after
{Heap after GC invocations=144 (full 3):
 garbage-first heap   total 324608K, used 170249K [0x0000000080000000, 0x0000000100000000)
  region size 1024K, 10 young (10240K), 10 survivors (10240K)
 Metaspace       used 204973K, committed 206784K, reserved 602112K
  class space    used 27478K, committed 28352K, reserved 421888K
}
Event: 10893.186 GC heap before
{Heap before GC invocations=144 (full 3):
 garbage-first heap   total 324608K, used 263433K [0x0000000080000000, 0x0000000100000000)
  region size 1024K, 101 young (103424K), 10 survivors (10240K)
 Metaspace       used 209716K, committed 211520K, reserved 610304K
  class space    used 28107K, committed 28992K, reserved 421888K
}
Event: 10893.230 GC heap after
{Heap after GC invocations=145 (full 3):
 garbage-first heap   total 324608K, used 181115K [0x0000000080000000, 0x0000000100000000)
  region size 1024K, 11 young (11264K), 11 survivors (11264K)
 Metaspace       used 209716K, committed 211520K, reserved 610304K
  class space    used 28107K, committed 28992K, reserved 421888K
}
Event: 10894.622 GC heap before
{Heap before GC invocations=145 (full 3):
 garbage-first heap   total 324608K, used 264059K [0x0000000080000000, 0x0000000100000000)
  region size 1024K, 92 young (94208K), 11 survivors (11264K)
 Metaspace       used 211510K, committed 213312K, reserved 610304K
  class space    used 28320K, committed 29184K, reserved 421888K
}
Event: 10894.659 GC heap after
{Heap after GC invocations=146 (full 3):
 garbage-first heap   total 324608K, used 192293K [0x0000000080000000, 0x0000000100000000)
  region size 1024K, 11 young (11264K), 11 survivors (11264K)
 Metaspace       used 211510K, committed 213312K, reserved 610304K
  class space    used 28320K, committed 29184K, reserved 421888K
}
Event: 10897.442 GC heap before
{Heap before GC invocations=146 (full 3):
 garbage-first heap   total 324608K, used 262949K [0x0000000080000000, 0x0000000100000000)
  region size 1024K, 81 young (82944K), 11 survivors (11264K)
 Metaspace       used 216992K, committed 218816K, reserved 618496K
  class space    used 28917K, committed 29824K, reserved 421888K
}
Event: 10897.477 GC heap after
{Heap after GC invocations=147 (full 3):
 garbage-first heap   total 324608K, used 196333K [0x0000000080000000, 0x0000000100000000)
  region size 1024K, 4 young (4096K), 4 survivors (4096K)
 Metaspace       used 216992K, committed 218816K, reserved 618496K
  class space    used 28917K, committed 29824K, reserved 421888K
}
Event: 10898.677 GC heap before
{Heap before GC invocations=147 (full 3):
 garbage-first heap   total 324608K, used 268013K [0x0000000080000000, 0x0000000100000000)
  region size 1024K, 73 young (74752K), 4 survivors (4096K)
 Metaspace       used 217813K, committed 219648K, reserved 618496K
  class space    used 29017K, committed 29888K, reserved 421888K
}
Event: 10898.701 GC heap after
{Heap after GC invocations=148 (full 3):
 garbage-first heap   total 324608K, used 206914K [0x0000000080000000, 0x0000000100000000)
  region size 1024K, 10 young (10240K), 10 survivors (10240K)
 Metaspace       used 217813K, committed 219648K, reserved 618496K
  class space    used 29017K, committed 29888K, reserved 421888K
}
Event: 10902.495 GC heap before
{Heap before GC invocations=148 (full 3):
 garbage-first heap   total 324608K, used 266306K [0x0000000080000000, 0x0000000100000000)
  region size 1024K, 69 young (70656K), 10 survivors (10240K)
 Metaspace       used 219401K, committed 221312K, reserved 618496K
  class space    used 29248K, committed 30144K, reserved 421888K
}
Event: 10902.534 GC heap after
{Heap after GC invocations=149 (full 3):
 garbage-first heap   total 324608K, used 214725K [0x0000000080000000, 0x0000000100000000)
  region size 1024K, 9 young (9216K), 9 survivors (9216K)
 Metaspace       used 219401K, committed 221312K, reserved 618496K
  class space    used 29248K, committed 30144K, reserved 421888K
}
Event: 10926.682 GC heap before
{Heap before GC invocations=149 (full 3):
 garbage-first heap   total 324608K, used 268997K [0x0000000080000000, 0x0000000100000000)
  region size 1024K, 61 young (62464K), 9 survivors (9216K)
 Metaspace       used 220232K, committed 222144K, reserved 618496K
  class space    used 29378K, committed 30336K, reserved 421888K
}
Event: 10926.706 GC heap after
{Heap after GC invocations=150 (full 3):
 garbage-first heap   total 324608K, used 220634K [0x0000000080000000, 0x0000000100000000)
  region size 1024K, 4 young (4096K), 4 survivors (4096K)
 Metaspace       used 220232K, committed 222144K, reserved 618496K
  class space    used 29378K, committed 30336K, reserved 421888K
}
Event: 10927.957 GC heap before
{Heap before GC invocations=150 (full 3):
 garbage-first heap   total 324608K, used 270810K [0x0000000080000000, 0x0000000100000000)
  region size 1024K, 52 young (53248K), 4 survivors (4096K)
 Metaspace       used 221015K, committed 222912K, reserved 618496K
  class space    used 29480K, committed 30400K, reserved 421888K
}
Event: 10927.988 GC heap after
{Heap after GC invocations=151 (full 3):
 garbage-first heap   total 324608K, used 229726K [0x0000000080000000, 0x0000000100000000)
  region size 1024K, 7 young (7168K), 7 survivors (7168K)
 Metaspace       used 221015K, committed 222912K, reserved 618496K
  class space    used 29480K, committed 30400K, reserved 421888K
}
Event: 10929.205 GC heap before
{Heap before GC invocations=151 (full 3):
 garbage-first heap   total 324608K, used 269662K [0x0000000080000000, 0x0000000100000000)
  region size 1024K, 46 young (47104K), 7 survivors (7168K)
 Metaspace       used 221077K, committed 222976K, reserved 618496K
  class space    used 29480K, committed 30400K, reserved 421888K
}
Event: 10929.233 GC heap after
{Heap after GC invocations=152 (full 3):
 garbage-first heap   total 324608K, used 237474K [0x0000000080000000, 0x0000000100000000)
  region size 1024K, 6 young (6144K), 6 survivors (6144K)
 Metaspace       used 221077K, committed 222976K, reserved 618496K
  class space    used 29480K, committed 30400K, reserved 421888K
}
Event: 10929.819 GC heap before
{Heap before GC invocations=152 (full 3):
 garbage-first heap   total 324608K, used 270242K [0x0000000080000000, 0x0000000100000000)
  region size 1024K, 38 young (38912K), 6 survivors (6144K)
 Metaspace       used 221131K, committed 223040K, reserved 618496K
  class space    used 29480K, committed 30400K, reserved 421888K
}
Event: 10929.834 GC heap after
{Heap after GC invocations=153 (full 3):
 garbage-first heap   total 324608K, used 240014K [0x0000000080000000, 0x0000000100000000)
  region size 1024K, 2 young (2048K), 2 survivors (2048K)
 Metaspace       used 221131K, committed 223040K, reserved 618496K
  class space    used 29480K, committed 30400K, reserved 421888K
}
Event: 10930.310 GC heap before
{Heap before GC invocations=153 (full 3):
 garbage-first heap   total 324608K, used 272782K [0x0000000080000000, 0x0000000100000000)
  region size 1024K, 34 young (34816K), 2 survivors (2048K)
 Metaspace       used 221185K, committed 223040K, reserved 618496K
  class space    used 29480K, committed 30400K, reserved 421888K
}

