# JRE version: Java(TM) SE Runtime Environment (17.0.4.1+1) (build 17.0.4.1+1-LTS-2)
# Java VM: Java HotSpot(TM) 64-Bit Server VM (17.0.4.1+1-LTS-2, mixed mode, sharing, tiered, compressed oops, compressed class ptrs, g1 gc, windows-amd64)
GC Precious Log:
 CPUs: 12 total, 12 available
 Memory: 6005M
 Large Page Support: Disabled
 NUMA Support: Disabled
 Compressed Oops: Enabled (32-bit)
 Heap Region Size: 1M
 Heap Min Capacity: 8M
 Heap Initial Capacity: 94M
 Heap Max Capacity: 1502M
 Pre-touch: Disabled
 Parallel Workers: 10
 Concurrent Workers: 3
 Concurrent Refinement Workers: 10
 Periodic GC: Disabled
Heap:
 garbage-first heap   total 159744K, used 102422K [0x00000000a2200000, 0x0000000100000000)
  region size 1024K, 29 young (29696K), 3 survivors (3072K)
 Metaspace       used 63764K, committed 64128K, reserved 1105920K
  class space    used 7142K, committed 7360K, reserved 1048576K
GC Heap History (20 events):
Event: 6.893 GC heap before
{Heap before GC invocations=8 (full 0):
 garbage-first heap   total 146432K, used 58110K [0x00000000a2200000, 0x0000000100000000)
  region size 1024K, 31 young (31744K), 8 survivors (8192K)
 Metaspace       used 35758K, committed 35968K, reserved 1081344K
  class space    used 4445K, committed 4544K, reserved 1048576K
}
Event: 6.906 GC heap after
{Heap after GC invocations=9 (full 0):
 garbage-first heap   total 146432K, used 38450K [0x00000000a2200000, 0x0000000100000000)
  region size 1024K, 3 young (3072K), 3 survivors (3072K)
 Metaspace       used 35758K, committed 35968K, reserved 1081344K
  class space    used 4445K, committed 4544K, reserved 1048576K
}
Event: 8.330 GC heap before
{Heap before GC invocations=10 (full 0):
 garbage-first heap   total 133120K, used 102962K [0x00000000a2200000, 0x0000000100000000)
  region size 1024K, 60 young (61440K), 3 survivors (3072K)
 Metaspace       used 44827K, committed 45120K, reserved 1089536K
  class space    used 5560K, committed 5696K, reserved 1048576K
}
Event: 8.344 GC heap after
{Heap after GC invocations=11 (full 0):
 garbage-first heap   total 133120K, used 47921K [0x00000000a2200000, 0x0000000100000000)
  region size 1024K, 7 young (7168K), 7 survivors (7168K)
 Metaspace       used 44827K, committed 45120K, reserved 1089536K
  class space    used 5560K, committed 5696K, reserved 1048576K
}
Event: 9.584 GC heap before
{Heap before GC invocations=11 (full 0):
 garbage-first heap   total 133120K, used 97073K [0x00000000a2200000, 0x0000000100000000)
  region size 1024K, 55 young (56320K), 7 survivors (7168K)
 Metaspace       used 47039K, committed 47360K, reserved 1097728K
  class space    used 5667K, committed 5824K, reserved 1048576K
}
Event: 9.602 GC heap after
{Heap after GC invocations=12 (full 0):
 garbage-first heap   total 133120K, used 54451K [0x00000000a2200000, 0x0000000100000000)
  region size 1024K, 7 young (7168K), 7 survivors (7168K)
 Metaspace       used 47039K, committed 47360K, reserved 1097728K
  class space    used 5667K, committed 5824K, reserved 1048576K
}
Event: 11.362 GC heap before
{Heap before GC invocations=12 (full 0):
 garbage-first heap   total 133120K, used 99507K [0x00000000a2200000, 0x0000000100000000)
  region size 1024K, 51 young (52224K), 7 survivors (7168K)
 Metaspace       used 50890K, committed 51200K, reserved 1097728K
  class space    used 6016K, committed 6144K, reserved 1048576K
}
Event: 11.379 GC heap after
{Heap after GC invocations=13 (full 0):
 garbage-first heap   total 133120K, used 58541K [0x00000000a2200000, 0x0000000100000000)
  region size 1024K, 5 young (5120K), 5 survivors (5120K)
 Metaspace       used 50890K, committed 51200K, reserved 1097728K
  class space    used 6016K, committed 6144K, reserved 1048576K
}
Event: 13.094 GC heap before
{Heap before GC invocations=13 (full 0):
 garbage-first heap   total 133120K, used 102573K [0x00000000a2200000, 0x0000000100000000)
  region size 1024K, 47 young (48128K), 5 survivors (5120K)
 Metaspace       used 52332K, committed 52672K, reserved 1097728K
  class space    used 6107K, committed 6272K, reserved 1048576K
}
Event: 13.124 GC heap after
{Heap after GC invocations=14 (full 0):
 garbage-first heap   total 133120K, used 64213K [0x00000000a2200000, 0x0000000100000000)
  region size 1024K, 6 young (6144K), 6 survivors (6144K)
 Metaspace       used 52332K, committed 52672K, reserved 1097728K
  class space    used 6107K, committed 6272K, reserved 1048576K
}
Event: 15.230 GC heap before
{Heap before GC invocations=14 (full 0):
 garbage-first heap   total 133120K, used 103125K [0x00000000a2200000, 0x0000000100000000)
  region size 1024K, 44 young (45056K), 6 survivors (6144K)
 Metaspace       used 53658K, committed 54016K, reserved 1097728K
  class space    used 6180K, committed 6336K, reserved 1048576K
}
Event: 15.253 GC heap after
{Heap after GC invocations=15 (full 0):
 garbage-first heap   total 133120K, used 69425K [0x00000000a2200000, 0x0000000100000000)
  region size 1024K, 5 young (5120K), 5 survivors (5120K)
 Metaspace       used 53658K, committed 54016K, reserved 1097728K
  class space    used 6180K, committed 6336K, reserved 1048576K
}
Event: 17.072 GC heap before
{Heap before GC invocations=15 (full 0):
 garbage-first heap   total 133120K, used 105265K [0x00000000a2200000, 0x0000000100000000)
  region size 1024K, 40 young (40960K), 5 survivors (5120K)
 Metaspace       used 54252K, committed 54528K, reserved 1097728K
  class space    used 6204K, committed 6336K, reserved 1048576K
}
Event: 17.089 GC heap after
{Heap after GC invocations=16 (full 0):
 garbage-first heap   total 133120K, used 73432K [0x00000000a2200000, 0x0000000100000000)
  region size 1024K, 4 young (4096K), 4 survivors (4096K)
 Metaspace       used 54252K, committed 54528K, reserved 1097728K
  class space    used 6204K, committed 6336K, reserved 1048576K
}
Event: 18.258 GC heap before
{Heap before GC invocations=17 (full 0):
 garbage-first heap   total 133120K, used 107224K [0x00000000a2200000, 0x0000000100000000)
  region size 1024K, 37 young (37888K), 4 survivors (4096K)
 Metaspace       used 56050K, committed 56384K, reserved 1105920K
  class space    used 6378K, committed 6528K, reserved 1048576K
}
Event: 18.269 GC heap after
{Heap after GC invocations=18 (full 0):
 garbage-first heap   total 133120K, used 75224K [0x00000000a2200000, 0x0000000100000000)
  region size 1024K, 2 young (2048K), 2 survivors (2048K)
 Metaspace       used 56050K, committed 56384K, reserved 1105920K
  class space    used 6378K, committed 6528K, reserved 1048576K
}
Event: 18.392 GC heap before
{Heap before GC invocations=18 (full 0):
 garbage-first heap   total 133120K, used 78296K [0x00000000a2200000, 0x0000000100000000)
  region size 1024K, 6 young (6144K), 2 survivors (2048K)
 Metaspace       used 56859K, committed 57280K, reserved 1105920K
  class space    used 6491K, committed 6720K, reserved 1048576K
}
Event: 18.398 GC heap after
{Heap after GC invocations=19 (full 0):
 garbage-first heap   total 133120K, used 74989K [0x00000000a2200000, 0x0000000100000000)
  region size 1024K, 1 young (1024K), 1 survivors (1024K)
 Metaspace       used 56859K, committed 57280K, reserved 1105920K
  class space    used 6491K, committed 6720K, reserved 1048576K
}
Event: 19.492 GC heap before
{Heap before GC invocations=19 (full 0):
 garbage-first heap   total 133120K, used 107757K [0x00000000a2200000, 0x0000000100000000)
  region size 1024K, 33 young (33792K), 1 survivors (1024K)
 Metaspace       used 61983K, committed 62336K, reserved 1105920K
  class space    used 6981K, committed 7168K, reserved 1048576K
}
Event: 19.499 GC heap after
{Heap after GC invocations=20 (full 0):
 garbage-first heap   total 159744K, used 76822K [0x00000000a2200000, 0x0000000100000000)
  region size 1024K, 3 young (3072K), 3 survivors (3072K)
 Metaspace       used 61983K, committed 62336K, reserved 1105920K
  class space    used 6981K, committed 7168K, reserved 1048576K
}

