# JRE version: OpenJDK Runtime Environment (11.0.12+7) (build 11.0.12+7-b1504.28-7817840)
# Java VM: OpenJDK 64-Bit Server VM (11.0.12+7-b1504.28-7817840, mixed mode, tiered, compressed oops, g1 gc, windows-amd64)
Heap:
 garbage-first heap   total 115712K, used 42948K [0x00000000a2200000, 0x0000000100000000)
  region size 1024K, 4 young (4096K), 1 survivors (1024K)
 Metaspace       used 59822K, capacity 60581K, committed 60880K, reserved 1103872K
  class space    used 6992K, capacity 7306K, committed 7424K, reserved 1048576K
GC Heap History (18 events):
Event: 2.486 GC heap before
{Heap before GC invocations=0 (full 0):
 garbage-first heap   total 96256K, used 27648K [0x00000000a2200000, 0x0000000100000000)
  region size 1024K, 24 young (24576K), 0 survivors (0K)
 Metaspace       used 12397K, capacity 12504K, committed 12800K, reserved 1060864K
  class space    used 1166K, capacity 1207K, committed 1280K, reserved 1048576K
}
Event: 2.498 GC heap after
{Heap after GC invocations=1 (full 0):
 garbage-first heap   total 96256K, used 5779K [0x00000000a2200000, 0x0000000100000000)
  region size 1024K, 3 young (3072K), 3 survivors (3072K)
 Metaspace       used 12397K, capacity 12504K, committed 12800K, reserved 1060864K
  class space    used 1166K, capacity 1207K, committed 1280K, reserved 1048576K
}
Event: 5.040 GC heap before
{Heap before GC invocations=1 (full 0):
 garbage-first heap   total 96256K, used 40595K [0x00000000a2200000, 0x0000000100000000)
  region size 1024K, 38 young (38912K), 3 survivors (3072K)
 Metaspace       used 20751K, capacity 20976K, committed 21248K, reserved 1069056K
  class space    used 2194K, capacity 2274K, committed 2304K, reserved 1048576K
}
Event: 5.065 GC heap after
{Heap after GC invocations=2 (full 0):
 garbage-first heap   total 96256K, used 9060K [0x00000000a2200000, 0x0000000100000000)
  region size 1024K, 6 young (6144K), 6 survivors (6144K)
 Metaspace       used 20751K, capacity 20976K, committed 21248K, reserved 1069056K
  class space    used 2194K, capacity 2274K, committed 2304K, reserved 1048576K
}
Event: 8.055 GC heap before
{Heap before GC invocations=3 (full 0):
 garbage-first heap   total 96256K, used 57188K [0x00000000a2200000, 0x0000000100000000)
  region size 1024K, 48 young (49152K), 6 survivors (6144K)
 Metaspace       used 30469K, capacity 30930K, committed 31228K, reserved 1077248K
  class space    used 3629K, capacity 3796K, committed 3840K, reserved 1048576K
}
Event: 8.100 GC heap after
{Heap after GC invocations=4 (full 0):
 garbage-first heap   total 96256K, used 20261K [0x00000000a2200000, 0x0000000100000000)
  region size 1024K, 6 young (6144K), 6 survivors (6144K)
 Metaspace       used 30469K, capacity 30930K, committed 31228K, reserved 1077248K
  class space    used 3629K, capacity 3796K, committed 3840K, reserved 1048576K
}
Event: 9.930 GC heap before
{Heap before GC invocations=4 (full 0):
 garbage-first heap   total 96256K, used 41765K [0x00000000a2200000, 0x0000000100000000)
  region size 1024K, 28 young (28672K), 6 survivors (6144K)
 Metaspace       used 35440K, capacity 35885K, committed 36048K, reserved 1081344K
  class space    used 4370K, capacity 4571K, committed 4608K, reserved 1048576K
}
Event: 9.952 GC heap after
{Heap after GC invocations=5 (full 0):
 garbage-first heap   total 96256K, used 19813K [0x00000000a2200000, 0x0000000100000000)
  region size 1024K, 2 young (2048K), 2 survivors (2048K)
 Metaspace       used 35440K, capacity 35885K, committed 36048K, reserved 1081344K
  class space    used 4370K, capacity 4571K, committed 4608K, reserved 1048576K
}
Event: 12.731 GC heap before
{Heap before GC invocations=6 (full 0):
 garbage-first heap   total 96256K, used 58725K [0x00000000a2200000, 0x0000000100000000)
  region size 1024K, 40 young (40960K), 2 survivors (2048K)
 Metaspace       used 43758K, capacity 44277K, committed 44496K, reserved 1089536K
  class space    used 5167K, capacity 5358K, committed 5376K, reserved 1048576K
}
Event: 12.751 GC heap after
{Heap after GC invocations=7 (full 0):
 garbage-first heap   total 96256K, used 23387K [0x00000000a2200000, 0x0000000100000000)
  region size 1024K, 5 young (5120K), 5 survivors (5120K)
 Metaspace       used 43758K, capacity 44277K, committed 44496K, reserved 1089536K
  class space    used 5167K, capacity 5358K, committed 5376K, reserved 1048576K
}
Event: 15.673 GC heap before
{Heap before GC invocations=7 (full 0):
 garbage-first heap   total 96256K, used 65371K [0x00000000a2200000, 0x0000000100000000)
  region size 1024K, 43 young (44032K), 5 survivors (5120K)
 Metaspace       used 48831K, capacity 49426K, committed 49744K, reserved 1093632K
  class space    used 5690K, capacity 5934K, committed 6016K, reserved 1048576K
}
Event: 15.714 GC heap after
{Heap after GC invocations=8 (full 0):
 garbage-first heap   total 96256K, used 33383K [0x00000000a2200000, 0x0000000100000000)
  region size 1024K, 6 young (6144K), 6 survivors (6144K)
 Metaspace       used 48831K, capacity 49426K, committed 49744K, reserved 1093632K
  class space    used 5690K, capacity 5934K, committed 6016K, reserved 1048576K
}
Event: 18.634 GC heap before
{Heap before GC invocations=8 (full 0):
 garbage-first heap   total 96256K, used 67175K [0x00000000a2200000, 0x0000000100000000)
  region size 1024K, 39 young (39936K), 6 survivors (6144K)
 Metaspace       used 53030K, capacity 53653K, committed 53712K, reserved 1097728K
  class space    used 6124K, capacity 6374K, committed 6400K, reserved 1048576K
}
Event: 18.665 GC heap after
{Heap after GC invocations=9 (full 0):
 garbage-first heap   total 115712K, used 35278K [0x00000000a2200000, 0x0000000100000000)
  region size 1024K, 4 young (4096K), 4 survivors (4096K)
 Metaspace       used 53030K, capacity 53653K, committed 53712K, reserved 1097728K
  class space    used 6124K, capacity 6374K, committed 6400K, reserved 1048576K
}
Event: 22.429 GC heap before
{Heap before GC invocations=9 (full 0):
 garbage-first heap   total 115712K, used 75214K [0x00000000a2200000, 0x0000000100000000)
  region size 1024K, 43 young (44032K), 4 survivors (4096K)
 Metaspace       used 59484K, capacity 60319K, committed 60496K, reserved 1101824K
  class space    used 6961K, capacity 7265K, committed 7296K, reserved 1048576K
}
Event: 22.472 GC heap after
{Heap after GC invocations=10 (full 0):
 garbage-first heap   total 115712K, used 39750K [0x00000000a2200000, 0x0000000100000000)
  region size 1024K, 6 young (6144K), 6 survivors (6144K)
 Metaspace       used 59484K, capacity 60319K, committed 60496K, reserved 1101824K
  class space    used 6961K, capacity 7265K, committed 7296K, reserved 1048576K
}
Event: 23.179 GC heap before
{Heap before GC invocations=10 (full 0):
 garbage-first heap   total 115712K, used 41798K [0x00000000a2200000, 0x0000000100000000)
  region size 1024K, 9 young (9216K), 6 survivors (6144K)
 Metaspace       used 59668K, capacity 60407K, committed 60496K, reserved 1101824K
  class space    used 6968K, capacity 7270K, committed 7296K, reserved 1048576K
}
Event: 23.214 GC heap after
{Heap after GC invocations=11 (full 0):
 garbage-first heap   total 115712K, used 40900K [0x00000000a2200000, 0x0000000100000000)
  region size 1024K, 1 young (1024K), 1 survivors (1024K)
 Metaspace       used 59668K, capacity 60407K, committed 60496K, reserved 1101824K
  class space    used 6968K, capacity 7270K, committed 7296K, reserved 1048576K
}

