# JRE version: OpenJDK Runtime Environment (11.0.12+7) (build 11.0.12+7-b1504.28-7817840)
# Java VM: OpenJDK 64-Bit Server VM (11.0.12+7-b1504.28-7817840, mixed mode, tiered, compressed oops, g1 gc, windows-amd64)
Heap:
 garbage-first heap   total 96256K, used 59678K [0x0000000080000000, 0x0000000100000000)
  region size 1024K, 36 young (36864K), 4 survivors (4096K)
 Metaspace       used 40717K, capacity 41759K, committed 41984K, reserved 552960K
  class space    used 5219K, capacity 5594K, committed 5632K, reserved 516096K
GC Heap History (18 events):
Event: 1.204 GC heap before
{Heap before GC invocations=0 (full 0):
 garbage-first heap   total 96256K, used 29696K [0x0000000080000000, 0x0000000100000000)
  region size 1024K, 24 young (24576K), 0 survivors (0K)
 Metaspace       used 10094K, capacity 10273K, committed 10368K, reserved 526336K
  class space    used 1049K, capacity 1108K, committed 1152K, reserved 516096K
}
Event: 1.220 GC heap after
{Heap after GC invocations=1 (full 0):
 garbage-first heap   total 96256K, used 9195K [0x0000000080000000, 0x0000000100000000)
  region size 1024K, 3 young (3072K), 3 survivors (3072K)
 Metaspace       used 10094K, capacity 10273K, committed 10368K, reserved 526336K
  class space    used 1049K, capacity 1108K, committed 1152K, reserved 516096K
}
Event: 2.484 GC heap before
{Heap before GC invocations=1 (full 0):
 garbage-first heap   total 96256K, used 64491K [0x0000000080000000, 0x0000000100000000)
  region size 1024K, 56 young (57344K), 3 survivors (3072K)
 Metaspace       used 11735K, capacity 11958K, committed 12160K, reserved 528384K
  class space    used 1283K, capacity 1350K, committed 1408K, reserved 516096K
}
Event: 2.495 GC heap after
{Heap after GC invocations=2 (full 0):
 garbage-first heap   total 96256K, used 14336K [0x0000000080000000, 0x0000000100000000)
  region size 1024K, 7 young (7168K), 7 survivors (7168K)
 Metaspace       used 11735K, capacity 11958K, committed 12160K, reserved 528384K
  class space    used 1283K, capacity 1350K, committed 1408K, reserved 516096K
}
Event: 4.921 GC heap before
{Heap before GC invocations=2 (full 0):
 garbage-first heap   total 96256K, used 63488K [0x0000000080000000, 0x0000000100000000)
  region size 1024K, 55 young (56320K), 7 survivors (7168K)
 Metaspace       used 20564K, capacity 20987K, committed 21120K, reserved 534528K
  class space    used 2519K, capacity 2682K, committed 2688K, reserved 516096K
}
Event: 4.931 GC heap after
{Heap after GC invocations=3 (full 0):
 garbage-first heap   total 96256K, used 17660K [0x0000000080000000, 0x0000000100000000)
  region size 1024K, 3 young (3072K), 3 survivors (3072K)
 Metaspace       used 20564K, capacity 20987K, committed 21120K, reserved 534528K
  class space    used 2519K, capacity 2682K, committed 2688K, reserved 516096K
}
Event: 4.976 GC heap before
{Heap before GC invocations=3 (full 0):
 garbage-first heap   total 96256K, used 19708K [0x0000000080000000, 0x0000000100000000)
  region size 1024K, 6 young (6144K), 3 survivors (3072K)
 Metaspace       used 20755K, capacity 21095K, committed 21248K, reserved 534528K
  class space    used 2554K, capacity 2717K, committed 2816K, reserved 516096K
}
Event: 4.981 GC heap after
{Heap after GC invocations=4 (full 0):
 garbage-first heap   total 96256K, used 17780K [0x0000000080000000, 0x0000000100000000)
  region size 1024K, 3 young (3072K), 3 survivors (3072K)
 Metaspace       used 20755K, capacity 21095K, committed 21248K, reserved 534528K
  class space    used 2554K, capacity 2717K, committed 2816K, reserved 516096K
}
Event: 5.738 GC heap before
{Heap before GC invocations=5 (full 0):
 garbage-first heap   total 96256K, used 53620K [0x0000000080000000, 0x0000000100000000)
  region size 1024K, 38 young (38912K), 3 survivors (3072K)
 Metaspace       used 24397K, capacity 24878K, committed 25216K, reserved 538624K
  class space    used 3147K, capacity 3349K, committed 3456K, reserved 516096K
}
Event: 5.742 GC heap after
{Heap after GC invocations=6 (full 0):
 garbage-first heap   total 96256K, used 19013K [0x0000000080000000, 0x0000000100000000)
  region size 1024K, 2 young (2048K), 2 survivors (2048K)
 Metaspace       used 24397K, capacity 24878K, committed 25216K, reserved 538624K
  class space    used 3147K, capacity 3349K, committed 3456K, reserved 516096K
}
Event: 6.463 GC heap before
{Heap before GC invocations=6 (full 0):
 garbage-first heap   total 96256K, used 56901K [0x0000000080000000, 0x0000000100000000)
  region size 1024K, 39 young (39936K), 2 survivors (2048K)
 Metaspace       used 28128K, capacity 28736K, committed 28928K, reserved 542720K
  class space    used 3738K, capacity 3981K, committed 4096K, reserved 516096K
}
Event: 6.467 GC heap after
{Heap after GC invocations=7 (full 0):
 garbage-first heap   total 96256K, used 20053K [0x0000000080000000, 0x0000000100000000)
  region size 1024K, 3 young (3072K), 3 survivors (3072K)
 Metaspace       used 28128K, capacity 28736K, committed 28928K, reserved 542720K
  class space    used 3738K, capacity 3981K, committed 4096K, reserved 516096K
}
Event: 7.352 GC heap before
{Heap before GC invocations=7 (full 0):
 garbage-first heap   total 96256K, used 59989K [0x0000000080000000, 0x0000000100000000)
  region size 1024K, 42 young (43008K), 3 survivors (3072K)
 Metaspace       used 33069K, capacity 33825K, committed 33920K, reserved 546816K
  class space    used 4417K, capacity 4720K, committed 4736K, reserved 516096K
}
Event: 7.358 GC heap after
{Heap after GC invocations=8 (full 0):
 garbage-first heap   total 96256K, used 22153K [0x0000000080000000, 0x0000000100000000)
  region size 1024K, 5 young (5120K), 5 survivors (5120K)
 Metaspace       used 33069K, capacity 33825K, committed 33920K, reserved 546816K
  class space    used 4417K, capacity 4720K, committed 4736K, reserved 516096K
}
Event: 7.518 GC heap before
{Heap before GC invocations=8 (full 0):
 garbage-first heap   total 96256K, used 25225K [0x0000000080000000, 0x0000000100000000)
  region size 1024K, 9 young (9216K), 5 survivors (5120K)
 Metaspace       used 34968K, capacity 35763K, committed 35840K, reserved 548864K
  class space    used 4584K, capacity 4919K, committed 4992K, reserved 516096K
}
Event: 7.531 GC heap after
{Heap after GC invocations=9 (full 0):
 garbage-first heap   total 96256K, used 22877K [0x0000000080000000, 0x0000000100000000)
  region size 1024K, 3 young (3072K), 3 survivors (3072K)
 Metaspace       used 34968K, capacity 35763K, committed 35840K, reserved 548864K
  class space    used 4584K, capacity 4919K, committed 4992K, reserved 516096K
}
Event: 8.143 GC heap before
{Heap before GC invocations=10 (full 0):
 garbage-first heap   total 96256K, used 56669K [0x0000000080000000, 0x0000000100000000)
  region size 1024K, 37 young (37888K), 3 survivors (3072K)
 Metaspace       used 38499K, capacity 39433K, committed 39680K, reserved 550912K
  class space    used 5023K, capacity 5375K, committed 5376K, reserved 516096K
}
Event: 8.157 GC heap after
{Heap after GC invocations=11 (full 0):
 garbage-first heap   total 96256K, used 25886K [0x0000000080000000, 0x0000000100000000)
  region size 1024K, 4 young (4096K), 4 survivors (4096K)
 Metaspace       used 38499K, capacity 39433K, committed 39680K, reserved 550912K
  class space    used 5023K, capacity 5375K, committed 5376K, reserved 516096K
}

