# JRE version: Java(TM) SE Runtime Environment (17.0.4.1+1) (build 17.0.4.1+1-LTS-2)
# Java VM: Java HotSpot(TM) 64-Bit Server VM (17.0.4.1+1-LTS-2, mixed mode, sharing, tiered, compressed oops, compressed class ptrs, g1 gc, windows-amd64)
GC Precious Log:
 CPUs: 12 total, 12 available
 Memory: 6005M
 Large Page Support: Disabled
 NUMA Support: Disabled
 Compressed Oops: Enabled (32-bit)
 Heap Region Size: 1M
 Heap Min Capacity: 8M
 Heap Initial Capacity: 94M
 Heap Max Capacity: 2G
 Pre-touch: Disabled
 Parallel Workers: 10
 Concurrent Workers: 3
 Concurrent Refinement Workers: 10
 Periodic GC: Disabled
Heap:
 garbage-first heap   total 329728K, used 184575K [0x0000000080000000, 0x0000000100000000)
  region size 1024K, 12 young (12288K), 12 survivors (12288K)
 Metaspace       used 160236K, committed 162176K, reserved 569344K
  class space    used 21487K, committed 22400K, reserved 421888K
GC Heap History (20 events):
Event: 16905.907 GC heap after
{Heap after GC invocations=92 (full 1):
 garbage-first heap   total 329728K, used 98896K [0x0000000080000000, 0x0000000100000000)
  region size 1024K, 0 young (0K), 0 survivors (0K)
 Metaspace       used 113278K, committed 115136K, reserved 528384K
  class space    used 15187K, committed 16000K, reserved 421888K
}
Event: 16924.344 GC heap before
{Heap before GC invocations=92 (full 1):
 garbage-first heap   total 329728K, used 193104K [0x0000000080000000, 0x0000000100000000)
  region size 1024K, 94 young (96256K), 0 survivors (0K)
 Metaspace       used 122876K, committed 124416K, reserved 536576K
  class space    used 16364K, committed 17088K, reserved 421888K
}
Event: 16924.364 GC heap after
{Heap after GC invocations=93 (full 1):
 garbage-first heap   total 329728K, used 105801K [0x0000000080000000, 0x0000000100000000)
  region size 1024K, 7 young (7168K), 7 survivors (7168K)
 Metaspace       used 122876K, committed 124416K, reserved 536576K
  class space    used 16364K, committed 17088K, reserved 421888K
}
Event: 16930.689 GC heap before
{Heap before GC invocations=94 (full 1):
 garbage-first heap   total 329728K, used 255305K [0x0000000080000000, 0x0000000100000000)
  region size 1024K, 152 young (155648K), 7 survivors (7168K)
 Metaspace       used 130137K, committed 131712K, reserved 536576K
  class space    used 17639K, committed 18368K, reserved 421888K
}
Event: 16930.726 GC heap after
{Heap after GC invocations=95 (full 1):
 garbage-first heap   total 329728K, used 120126K [0x0000000080000000, 0x0000000100000000)
  region size 1024K, 19 young (19456K), 19 survivors (19456K)
 Metaspace       used 130137K, committed 131712K, reserved 536576K
  class space    used 17639K, committed 18368K, reserved 421888K
}
Event: 16930.729 GC heap before
{Heap before GC invocations=95 (full 1):
 garbage-first heap   total 329728K, used 121150K [0x0000000080000000, 0x0000000100000000)
  region size 1024K, 20 young (20480K), 19 survivors (19456K)
 Metaspace       used 130137K, committed 131712K, reserved 536576K
  class space    used 17639K, committed 18368K, reserved 421888K
}
Event: 16930.766 GC heap after
{Heap after GC invocations=96 (full 1):
 garbage-first heap   total 329728K, used 121998K [0x0000000080000000, 0x0000000100000000)
  region size 1024K, 2 young (2048K), 2 survivors (2048K)
 Metaspace       used 130137K, committed 131712K, reserved 536576K
  class space    used 17639K, committed 18368K, reserved 421888K
}
Event: 16932.640 GC heap before
{Heap before GC invocations=96 (full 1):
 garbage-first heap   total 329728K, used 256142K [0x0000000080000000, 0x0000000100000000)
  region size 1024K, 133 young (136192K), 2 survivors (2048K)
 Metaspace       used 138581K, committed 140288K, reserved 544768K
  class space    used 18817K, committed 19584K, reserved 421888K
}
Event: 16932.650 GC heap after
{Heap after GC invocations=97 (full 1):
 garbage-first heap   total 329728K, used 133979K [0x0000000080000000, 0x0000000100000000)
  region size 1024K, 14 young (14336K), 14 survivors (14336K)
 Metaspace       used 138581K, committed 140288K, reserved 544768K
  class space    used 18817K, committed 19584K, reserved 421888K
}
Event: 16933.845 GC heap before
{Heap before GC invocations=98 (full 1):
 garbage-first heap   total 329728K, used 255835K [0x0000000080000000, 0x0000000100000000)
  region size 1024K, 134 young (137216K), 14 survivors (14336K)
 Metaspace       used 141489K, committed 143360K, reserved 552960K
  class space    used 19142K, committed 20032K, reserved 421888K
}
Event: 16933.875 GC heap after
{Heap after GC invocations=99 (full 1):
 garbage-first heap   total 329728K, used 148034K [0x0000000080000000, 0x0000000100000000)
  region size 1024K, 14 young (14336K), 14 survivors (14336K)
 Metaspace       used 141489K, committed 143360K, reserved 552960K
  class space    used 19142K, committed 20032K, reserved 421888K
}
Event: 16933.921 GC heap before
{Heap before GC invocations=99 (full 1):
 garbage-first heap   total 329728K, used 150082K [0x0000000080000000, 0x0000000100000000)
  region size 1024K, 16 young (16384K), 14 survivors (14336K)
 Metaspace       used 141576K, committed 143360K, reserved 552960K
  class space    used 19157K, committed 20032K, reserved 421888K
}
Event: 16933.946 GC heap after
{Heap after GC invocations=100 (full 1):
 garbage-first heap   total 329728K, used 150484K [0x0000000080000000, 0x0000000100000000)
  region size 1024K, 2 young (2048K), 2 survivors (2048K)
 Metaspace       used 141576K, committed 143360K, reserved 552960K
  class space    used 19157K, committed 20032K, reserved 421888K
}
Event: 16935.681 GC heap before
{Heap before GC invocations=100 (full 1):
 garbage-first heap   total 329728K, used 260052K [0x0000000080000000, 0x0000000100000000)
  region size 1024K, 110 young (112640K), 2 survivors (2048K)
 Metaspace       used 148957K, committed 150720K, reserved 552960K
  class space    used 20073K, committed 20928K, reserved 421888K
}
Event: 16935.690 GC heap after
{Heap after GC invocations=101 (full 1):
 garbage-first heap   total 329728K, used 155866K [0x0000000080000000, 0x0000000100000000)
  region size 1024K, 8 young (8192K), 8 survivors (8192K)
 Metaspace       used 148957K, committed 150720K, reserved 552960K
  class space    used 20073K, committed 20928K, reserved 421888K
}
Event: 16942.803 GC heap before
{Heap before GC invocations=102 (full 1):
 garbage-first heap   total 329728K, used 266458K [0x0000000080000000, 0x0000000100000000)
  region size 1024K, 113 young (115712K), 8 survivors (8192K)
 Metaspace       used 158634K, committed 160512K, reserved 561152K
  class space    used 21276K, committed 22144K, reserved 421888K
}
Event: 16942.815 GC heap after
{Heap after GC invocations=103 (full 1):
 garbage-first heap   total 329728K, used 170955K [0x0000000080000000, 0x0000000100000000)
  region size 1024K, 15 young (15360K), 15 survivors (15360K)
 Metaspace       used 158634K, committed 160512K, reserved 561152K
  class space    used 21276K, committed 22144K, reserved 421888K
}
Event: 16942.882 GC heap before
{Heap before GC invocations=103 (full 1):
 garbage-first heap   total 329728K, used 171979K [0x0000000080000000, 0x0000000100000000)
  region size 1024K, 16 young (16384K), 15 survivors (15360K)
 Metaspace       used 158634K, committed 160512K, reserved 561152K
  class space    used 21276K, committed 22144K, reserved 421888K
}
Event: 16942.890 GC heap after
{Heap after GC invocations=104 (full 1):
 garbage-first heap   total 329728K, used 171997K [0x0000000080000000, 0x0000000100000000)
  region size 1024K, 2 young (2048K), 2 survivors (2048K)
 Metaspace       used 158634K, committed 160512K, reserved 561152K
  class space    used 21276K, committed 22144K, reserved 421888K
}
Event: 16944.433 GC heap before
{Heap before GC invocations=104 (full 1):
 garbage-first heap   total 329728K, used 245725K [0x0000000080000000, 0x0000000100000000)
  region size 1024K, 76 young (77824K), 2 survivors (2048K)
 Metaspace       used 160236K, committed 162176K, reserved 569344K
  class space    used 21487K, committed 22400K, reserved 421888K
}

